Using pre-set license
Built from '2020.3/staging' branch; Version is '2020.3.3f1 (76626098c1c4) revision 7758432'; Using compiler version '192528614'; Build Type 'Release'
OS: 'Windows 10 Home; OS build 19041.867; Version 2004; 64bit' Language: 'en' Physical Memory: 16118 MB
BatchMode: 1, IsHumanControllingUs: 0, StartBugReporterOnCrash: 0, Is64bit: 1, IsPro: 0

 COMMAND LINE ARGUMENTS:
C:\Users\ctran\Desktop\unity projects\2020.3.3f1\Editor\Unity.exe
-adb2
-batchMode
-noUpm
-name
AssetImportWorker3
-projectPath
C:/Users/ctran/Documents/GitHub/sr_project-main
-logFile
Logs/AssetImportWorker3.log
-srvPort
62310
Successfully changed project path to: C:/Users/ctran/Documents/GitHub/sr_project-main
C:/Users/ctran/Documents/GitHub/sr_project-main
Using Asset Import Pipeline V2.
Refreshing native plugins compatible for Editor in 29.75 ms, found 1 plugins.
Preloading 0 native plugins for Editor in 0.00 ms.
Initialize engine version: 2020.3.3f1 (76626098c1c4)
[Subsystems] Discovering subsystems at path C:/Users/ctran/Desktop/unity projects/2020.3.3f1/Editor/Data/Resources/UnitySubsystems
[Subsystems] Discovering subsystems at path C:/Users/ctran/Documents/GitHub/sr_project-main/Assets
GfxDevice: creating device client; threaded=0
Direct3D:
    Version:  Direct3D 11.0 [level 11.1]
    Renderer: NVIDIA GeForce GTX 1660 Ti (ID=0x2182)
    Vendor:   
    VRAM:     5991 MB
    Driver:   27.21.14.6589
Initialize mono
Mono path[0] = 'C:/Users/ctran/Desktop/unity projects/2020.3.3f1/Editor/Data/Managed'
Mono path[1] = 'C:/Users/ctran/Desktop/unity projects/2020.3.3f1/Editor/Data/MonoBleedingEdge/lib/mono/unityjit'
Mono config path = 'C:/Users/ctran/Desktop/unity projects/2020.3.3f1/Editor/Data/MonoBleedingEdge/etc'
Using monoOptions --debugger-agent=transport=dt_socket,embedding=1,server=y,suspend=n,address=127.0.0.1:56896
Begin MonoManager ReloadAssembly
Registering precompiled unity dll's ...
Register platform support module: C:/Users/ctran/Desktop/unity projects/2020.3.3f1/Editor/Data/PlaybackEngines/WindowsStandaloneSupport/UnityEditor.WindowsStandalone.Extensions.dll
Registered in 0.001849 seconds.
Native extension for WindowsStandalone target not found
Refreshing native plugins compatible for Editor in 29.69 ms, found 1 plugins.
Preloading 0 native plugins for Editor in 0.00 ms.
Invoked RoslynAnalysisRunner static constructor.
RoslynAnalysisRunner will not be running.
RoslynAnalysisRunner has terminated.
Mono: successfully reloaded assembly
- Completed reload, in  1.615 seconds
Platform modules already initialized, skipping
Registering precompiled user dll's ...
Registered in 0.000875 seconds.
Begin MonoManager ReloadAssembly
Native extension for WindowsStandalone target not found
Refreshing native plugins compatible for Editor in 29.17 ms, found 1 plugins.
Preloading 0 native plugins for Editor in 0.00 ms.
Invoked RoslynAnalysisRunner static constructor.
RoslynAnalysisRunner will not be running.
RoslynAnalysisRunner has terminated.
Mono: successfully reloaded assembly
- Completed reload, in  0.730 seconds
Platform modules already initialized, skipping
========================================================================
Worker process is ready to serve import requests
Launched and connected shader compiler UnityShaderCompiler.exe after 0.05 seconds
Refreshing native plugins compatible for Editor in 0.30 ms, found 1 plugins.
Preloading 0 native plugins for Editor in 0.00 ms.
Unloading 1828 Unused Serialized files (Serialized files now loaded: 0)
System memory in use before: 87.4 MB.
System memory in use after: 87.5 MB.

Unloading 19 unused Assets to reduce memory usage. Loaded Objects now: 2276.
Total: 1.606700 ms (FindLiveObjects: 0.181100 ms CreateObjectMapping: 0.076000 ms MarkObjects: 1.299800 ms  DeleteObjects: 0.049000 ms)

========================================================================
Received Import Request.
  path: Assets/Scenes/LevelScene 1.unity
  artifactKey: Guid(d1d368c8f82b3024581b78bacbd2efc3) Importer(815301076,1909f56bfc062723c751e8b465ee728b)
Start importing Assets/Scenes/LevelScene 1.unity using Guid(d1d368c8f82b3024581b78bacbd2efc3) Importer(815301076,1909f56bfc062723c751e8b465ee728b)  -> (artifact id: 'e272008fd237f7ede8be806ad6fa9321') in 0.008854 seconds
  Import took 0.011182 seconds .

========================================================================
Received Import Request.
  Time since last request: 12.579486 seconds.
  path: Assets/Scenes/LevelScene.unity
  artifactKey: Guid(2cda990e2423bbf4892e6590ba056729) Importer(815301076,1909f56bfc062723c751e8b465ee728b)
Start importing Assets/Scenes/LevelScene.unity using Guid(2cda990e2423bbf4892e6590ba056729) Importer(815301076,1909f56bfc062723c751e8b465ee728b)  -> (artifact id: 'bf99f5169e4bdac217294723b5034ee7') in 0.002144 seconds
  Import took 0.005041 seconds .

========================================================================
Received Import Request.
  Time since last request: 3.513739 seconds.
  path: Assets/Prefabs/Player.prefab
  artifactKey: Guid(88d6250499be2d44ebf91b7db6e36c43) Importer(815301076,1909f56bfc062723c751e8b465ee728b)
Start importing Assets/Prefabs/Player.prefab using Guid(88d6250499be2d44ebf91b7db6e36c43) Importer(815301076,1909f56bfc062723c751e8b465ee728b)  -> (artifact id: '5b72e3349d71096b62311853661a3360') in 0.079351 seconds
  Import took 0.082539 seconds .

========================================================================
Received Prepare
Refreshing native plugins compatible for Editor in 1.50 ms, found 1 plugins.
Preloading 0 native plugins for Editor in 0.00 ms.
Unloading 5 Unused Serialized files (Serialized files now loaded: 0)
System memory in use before: 53.4 MB.
System memory in use after: 53.5 MB.

Unloading 5 unused Assets to reduce memory usage. Loaded Objects now: 2283.
Total: 1.764700 ms (FindLiveObjects: 0.150200 ms CreateObjectMapping: 0.054000 ms MarkObjects: 1.549700 ms  DeleteObjects: 0.009900 ms)

========================================================================
Received Import Request.
  Time since last request: 1.834982 seconds.
  path: Assets/Prefabs/BlackScreenImage.prefab
  artifactKey: Guid(eef3f36abdfbc7948ba9ac22ea73d5ca) Importer(815301076,1909f56bfc062723c751e8b465ee728b)
Start importing Assets/Prefabs/BlackScreenImage.prefab using Guid(eef3f36abdfbc7948ba9ac22ea73d5ca) Importer(815301076,1909f56bfc062723c751e8b465ee728b)  -> (artifact id: '87e83855fe6b70a33c716ed4e6b3e191') in 0.007602 seconds
  Import took 0.009958 seconds .

========================================================================
Received Import Request.
  Time since last request: 0.018492 seconds.
  path: Assets/Prefabs/BlackScreenImage.prefab
  artifactKey: Guid(eef3f36abdfbc7948ba9ac22ea73d5ca) Importer(815301076,1909f56bfc062723c751e8b465ee728b)
Start importing Assets/Prefabs/BlackScreenImage.prefab using Guid(eef3f36abdfbc7948ba9ac22ea73d5ca) Importer(815301076,1909f56bfc062723c751e8b465ee728b)  -> (artifact id: '87e83855fe6b70a33c716ed4e6b3e191') in 0.002808 seconds
  Import took 0.005051 seconds .

========================================================================
Received Import Request.
  Time since last request: 8.934560 seconds.
  path: Assets/Scenes/LevelScene.unity
  artifactKey: Guid(2cda990e2423bbf4892e6590ba056729) Importer(815301076,1909f56bfc062723c751e8b465ee728b)
Start importing Assets/Scenes/LevelScene.unity using Guid(2cda990e2423bbf4892e6590ba056729) Importer(815301076,1909f56bfc062723c751e8b465ee728b)  -> (artifact id: '5e8670f79eadbc7fd606240fe93913b2') in 0.003170 seconds
  Import took 0.006138 seconds .

========================================================================
Received Prepare
Registering precompiled user dll's ...
Registered in 0.000866 seconds.
Begin MonoManager ReloadAssembly
Native extension for WindowsStandalone target not found
Refreshing native plugins compatible for Editor in 0.31 ms, found 1 plugins.
Preloading 0 native plugins for Editor in 0.00 ms.
Invoked RoslynAnalysisRunner static constructor.
RoslynAnalysisRunner will not be running.
RoslynAnalysisRunner has terminated.
Mono: successfully reloaded assembly
- Completed reload, in  0.680 seconds
Platform modules already initialized, skipping
Refreshing native plugins compatible for Editor in 0.53 ms, found 1 plugins.
Preloading 0 native plugins for Editor in 0.00 ms.
Unloading 1805 Unused Serialized files (Serialized files now loaded: 0)
System memory in use before: 88.7 MB.
System memory in use after: 88.8 MB.

Unloading 7 unused Assets to reduce memory usage. Loaded Objects now: 2287.
Total: 1.567100 ms (FindLiveObjects: 0.176100 ms CreateObjectMapping: 0.057800 ms MarkObjects: 1.320500 ms  DeleteObjects: 0.011300 ms)

========================================================================
Received Import Request.
  Time since last request: 146.684645 seconds.
  path: Assets/Prefabs/Player.prefab
  artifactKey: Guid(88d6250499be2d44ebf91b7db6e36c43) Importer(815301076,1909f56bfc062723c751e8b465ee728b)
Start importing Assets/Prefabs/Player.prefab using Guid(88d6250499be2d44ebf91b7db6e36c43) Importer(815301076,1909f56bfc062723c751e8b465ee728b)  -> (artifact id: '6227a6529b6204ab0886e6f4a8c82dec') in 0.046853 seconds
  Import took 0.050042 seconds .

========================================================================
Received Import Request.
  Time since last request: 2.935483 seconds.
  path: Assets/Scenes/LevelScene 1.unity
  artifactKey: Guid(d1d368c8f82b3024581b78bacbd2efc3) Importer(815301076,1909f56bfc062723c751e8b465ee728b)
Start importing Assets/Scenes/LevelScene 1.unity using Guid(d1d368c8f82b3024581b78bacbd2efc3) Importer(815301076,1909f56bfc062723c751e8b465ee728b)  -> (artifact id: '6ac63a5b8b5898f368708e6e126e9af5') in 0.002055 seconds
  Import took 0.004891 seconds .

========================================================================
Received Import Request.
  Time since last request: 1.647813 seconds.
  path: Assets/Scenes/LevelScene 1.unity
  artifactKey: Guid(d1d368c8f82b3024581b78bacbd2efc3) Importer(815301076,1909f56bfc062723c751e8b465ee728b)
Start importing Assets/Scenes/LevelScene 1.unity using Guid(d1d368c8f82b3024581b78bacbd2efc3) Importer(815301076,1909f56bfc062723c751e8b465ee728b)  -> (artifact id: '248b254820bb75387022a8a78892d1d9') in 0.002026 seconds
  Import took 0.004619 seconds .

========================================================================
Received Prepare
Registering precompiled user dll's ...
Registered in 0.000895 seconds.
Begin MonoManager ReloadAssembly
Native extension for WindowsStandalone target not found
Refreshing native plugins compatible for Editor in 0.32 ms, found 1 plugins.
Preloading 0 native plugins for Editor in 0.00 ms.
Invoked RoslynAnalysisRunner static constructor.
RoslynAnalysisRunner will not be running.
RoslynAnalysisRunner has terminated.
Mono: successfully reloaded assembly
- Completed reload, in  0.664 seconds
Platform modules already initialized, skipping
Refreshing native plugins compatible for Editor in 0.41 ms, found 1 plugins.
Preloading 0 native plugins for Editor in 0.00 ms.
Unloading 1805 Unused Serialized files (Serialized files now loaded: 0)
System memory in use before: 88.8 MB.
System memory in use after: 88.9 MB.

Unloading 7 unused Assets to reduce memory usage. Loaded Objects now: 2292.
Total: 1.546300 ms (FindLiveObjects: 0.215900 ms CreateObjectMapping: 0.057300 ms MarkObjects: 1.262400 ms  DeleteObjects: 0.010200 ms)

========================================================================
Received Prepare
Registering precompiled user dll's ...
Registered in 0.000958 seconds.
Begin MonoManager ReloadAssembly
Native extension for WindowsStandalone target not found
Refreshing native plugins compatible for Editor in 0.31 ms, found 1 plugins.
Preloading 0 native plugins for Editor in 0.00 ms.
Invoked RoslynAnalysisRunner static constructor.
RoslynAnalysisRunner will not be running.
RoslynAnalysisRunner has terminated.
Mono: successfully reloaded assembly
- Completed reload, in  0.697 seconds
Platform modules already initialized, skipping
Refreshing native plugins compatible for Editor in 0.33 ms, found 1 plugins.
Preloading 0 native plugins for Editor in 0.00 ms.
Unloading 1805 Unused Serialized files (Serialized files now loaded: 0)
System memory in use before: 88.8 MB.
System memory in use after: 88.9 MB.

Unloading 7 unused Assets to reduce memory usage. Loaded Objects now: 2296.
Total: 4.602000 ms (FindLiveObjects: 0.408400 ms CreateObjectMapping: 0.196700 ms MarkObjects: 3.959500 ms  DeleteObjects: 0.034700 ms)

========================================================================
Received Import Request.
  Time since last request: 375.606787 seconds.
  path: Assets/Scenes/LevelScene.unity
  artifactKey: Guid(2cda990e2423bbf4892e6590ba056729) Importer(815301076,1909f56bfc062723c751e8b465ee728b)
Start importing Assets/Scenes/LevelScene.unity using Guid(2cda990e2423bbf4892e6590ba056729) Importer(815301076,1909f56bfc062723c751e8b465ee728b)  -> (artifact id: 'affc9a2e06ceea49fda7a0740bdd065b') in 0.008939 seconds
  Import took 0.011977 seconds .

========================================================================
Received Prepare
Registering precompiled user dll's ...
Registered in 0.000896 seconds.
Begin MonoManager ReloadAssembly
Native extension for WindowsStandalone target not found
Refreshing native plugins compatible for Editor in 0.32 ms, found 1 plugins.
Preloading 0 native plugins for Editor in 0.00 ms.
Invoked RoslynAnalysisRunner static constructor.
RoslynAnalysisRunner will not be running.
RoslynAnalysisRunner has terminated.
Mono: successfully reloaded assembly
- Completed reload, in  0.660 seconds
Platform modules already initialized, skipping
Refreshing native plugins compatible for Editor in 0.31 ms, found 1 plugins.
Preloading 0 native plugins for Editor in 0.00 ms.
Unloading 1805 Unused Serialized files (Serialized files now loaded: 0)
System memory in use before: 88.8 MB.
System memory in use after: 88.9 MB.

Unloading 7 unused Assets to reduce memory usage. Loaded Objects now: 2300.
Total: 3.966600 ms (FindLiveObjects: 0.417000 ms CreateObjectMapping: 0.205100 ms MarkObjects: 3.318400 ms  DeleteObjects: 0.023300 ms)

========================================================================
Received Prepare
Registering precompiled user dll's ...
Registered in 0.000937 seconds.
Begin MonoManager ReloadAssembly
Native extension for WindowsStandalone target not found
Refreshing native plugins compatible for Editor in 0.31 ms, found 1 plugins.
Preloading 0 native plugins for Editor in 0.00 ms.
Invoked RoslynAnalysisRunner static constructor.
RoslynAnalysisRunner will not be running.
RoslynAnalysisRunner has terminated.
Mono: successfully reloaded assembly
- Completed reload, in  0.660 seconds
Platform modules already initialized, skipping
Refreshing native plugins compatible for Editor in 0.30 ms, found 1 plugins.
Preloading 0 native plugins for Editor in 0.00 ms.
Unloading 1805 Unused Serialized files (Serialized files now loaded: 0)
System memory in use before: 88.8 MB.
System memory in use after: 88.9 MB.

Unloading 7 unused Assets to reduce memory usage. Loaded Objects now: 2304.
Total: 1.685600 ms (FindLiveObjects: 0.240800 ms CreateObjectMapping: 0.130100 ms MarkObjects: 1.303000 ms  DeleteObjects: 0.010800 ms)

========================================================================
Received Prepare
Registering precompiled user dll's ...
Registered in 0.000899 seconds.
Begin MonoManager ReloadAssembly
Native extension for WindowsStandalone target not found
Refreshing native plugins compatible for Editor in 0.31 ms, found 1 plugins.
Preloading 0 native plugins for Editor in 0.00 ms.
Invoked RoslynAnalysisRunner static constructor.
RoslynAnalysisRunner will not be running.
RoslynAnalysisRunner has terminated.
Mono: successfully reloaded assembly
- Completed reload, in  0.652 seconds
Platform modules already initialized, skipping
Refreshing native plugins compatible for Editor in 0.30 ms, found 1 plugins.
Preloading 0 native plugins for Editor in 0.00 ms.
Unloading 1805 Unused Serialized files (Serialized files now loaded: 0)
System memory in use before: 88.8 MB.
System memory in use after: 88.9 MB.

Unloading 7 unused Assets to reduce memory usage. Loaded Objects now: 2308.
Total: 1.493200 ms (FindLiveObjects: 0.148400 ms CreateObjectMapping: 0.054400 ms MarkObjects: 1.279700 ms  DeleteObjects: 0.010000 ms)

========================================================================
Received Prepare
Registering precompiled user dll's ...
Registered in 0.000864 seconds.
Begin MonoManager ReloadAssembly
Native extension for WindowsStandalone target not found
Refreshing native plugins compatible for Editor in 0.31 ms, found 1 plugins.
Preloading 0 native plugins for Editor in 0.00 ms.
Invoked RoslynAnalysisRunner static constructor.
RoslynAnalysisRunner will not be running.
RoslynAnalysisRunner has terminated.
Mono: successfully reloaded assembly
- Completed reload, in  0.660 seconds
Platform modules already initialized, skipping
Refreshing native plugins compatible for Editor in 0.30 ms, found 1 plugins.
Preloading 0 native plugins for Editor in 0.00 ms.
Unloading 1805 Unused Serialized files (Serialized files now loaded: 0)
System memory in use before: 88.8 MB.
System memory in use after: 89.0 MB.

Unloading 7 unused Assets to reduce memory usage. Loaded Objects now: 2312.
Total: 1.629100 ms (FindLiveObjects: 0.199600 ms CreateObjectMapping: 0.070100 ms MarkObjects: 1.347900 ms  DeleteObjects: 0.010700 ms)

========================================================================
Received Prepare
Registering precompiled user dll's ...
Registered in 0.000921 seconds.
Begin MonoManager ReloadAssembly
Native extension for WindowsStandalone target not found
Refreshing native plugins compatible for Editor in 0.30 ms, found 1 plugins.
Preloading 0 native plugins for Editor in 0.00 ms.
Invoked RoslynAnalysisRunner static constructor.
RoslynAnalysisRunner will not be running.
RoslynAnalysisRunner has terminated.
Mono: successfully reloaded assembly
- Completed reload, in  0.665 seconds
Platform modules already initialized, skipping
Refreshing native plugins compatible for Editor in 0.29 ms, found 1 plugins.
Preloading 0 native plugins for Editor in 0.00 ms.
Unloading 1805 Unused Serialized files (Serialized files now loaded: 0)
System memory in use before: 88.8 MB.
System memory in use after: 89.0 MB.

Unloading 7 unused Assets to reduce memory usage. Loaded Objects now: 2316.
Total: 1.562700 ms (FindLiveObjects: 0.168200 ms CreateObjectMapping: 0.053900 ms MarkObjects: 1.329100 ms  DeleteObjects: 0.010500 ms)

========================================================================
Received Import Request.
  Time since last request: 220.230037 seconds.
  path: Assets/Scenes/LevelScene 1.unity
  artifactKey: Guid(d1d368c8f82b3024581b78bacbd2efc3) Importer(815301076,1909f56bfc062723c751e8b465ee728b)
Start importing Assets/Scenes/LevelScene 1.unity using Guid(d1d368c8f82b3024581b78bacbd2efc3) Importer(815301076,1909f56bfc062723c751e8b465ee728b)  -> (artifact id: '6fe7eafc420564bda79546db0de5cd14') in 0.009423 seconds
  Import took 0.012112 seconds .

========================================================================
Received Prepare
Registering precompiled user dll's ...
Registered in 0.000923 seconds.
Begin MonoManager ReloadAssembly
Native extension for WindowsStandalone target not found
Refreshing native plugins compatible for Editor in 0.30 ms, found 1 plugins.
Preloading 0 native plugins for Editor in 0.00 ms.
Invoked RoslynAnalysisRunner static constructor.
RoslynAnalysisRunner will not be running.
RoslynAnalysisRunner has terminated.
Mono: successfully reloaded assembly
- Completed reload, in  0.650 seconds
Platform modules already initialized, skipping
Refreshing native plugins compatible for Editor in 0.30 ms, found 1 plugins.
Preloading 0 native plugins for Editor in 0.00 ms.
Unloading 1805 Unused Serialized files (Serialized files now loaded: 0)
System memory in use before: 88.9 MB.
System memory in use after: 89.0 MB.

Unloading 7 unused Assets to reduce memory usage. Loaded Objects now: 2320.
Total: 1.757800 ms (FindLiveObjects: 0.182600 ms CreateObjectMapping: 0.072500 ms MarkObjects: 1.489000 ms  DeleteObjects: 0.013000 ms)

