Using pre-set license
Built from '2020.3/staging' branch; Version is '2020.3.3f1 (76626098c1c4) revision 7758432'; Using compiler version '192528614'; Build Type 'Release'
OS: 'Windows 10 Home; OS build 19041.1052; Version 2004; 64bit' Language: 'en' Physical Memory: 16118 MB
BatchMode: 1, IsHumanControllingUs: 0, StartBugReporterOnCrash: 0, Is64bit: 1, IsPro: 0

 COMMAND LINE ARGUMENTS:
C:\Users\ctran\Desktop\unity projects\2020.3.3f1\Editor\Unity.exe
-adb2
-batchMode
-noUpm
-name
AssetImportWorker3
-projectPath
C:/Users/ctran/Documents/GitHub/sr_project-main
-logFile
Logs/AssetImportWorker3.log
-srvPort
60750
Successfully changed project path to: C:/Users/ctran/Documents/GitHub/sr_project-main
C:/Users/ctran/Documents/GitHub/sr_project-main
Using Asset Import Pipeline V2.
Refreshing native plugins compatible for Editor in 31.41 ms, found 1 plugins.
Preloading 0 native plugins for Editor in 0.00 ms.
Initialize engine version: 2020.3.3f1 (76626098c1c4)
[Subsystems] Discovering subsystems at path C:/Users/ctran/Desktop/unity projects/2020.3.3f1/Editor/Data/Resources/UnitySubsystems
[Subsystems] Discovering subsystems at path C:/Users/ctran/Documents/GitHub/sr_project-main/Assets
GfxDevice: creating device client; threaded=0
Direct3D:
    Version:  Direct3D 11.0 [level 11.1]
    Renderer: NVIDIA GeForce GTX 1660 Ti (ID=0x2182)
    Vendor:   
    VRAM:     5991 MB
    Driver:   27.21.14.6647
Initialize mono
Mono path[0] = 'C:/Users/ctran/Desktop/unity projects/2020.3.3f1/Editor/Data/Managed'
Mono path[1] = 'C:/Users/ctran/Desktop/unity projects/2020.3.3f1/Editor/Data/MonoBleedingEdge/lib/mono/unityjit'
Mono config path = 'C:/Users/ctran/Desktop/unity projects/2020.3.3f1/Editor/Data/MonoBleedingEdge/etc'
Using monoOptions --debugger-agent=transport=dt_socket,embedding=1,server=y,suspend=n,address=127.0.0.1:56400
Begin MonoManager ReloadAssembly
Registering precompiled unity dll's ...
Register platform support module: C:/Users/ctran/Desktop/unity projects/2020.3.3f1/Editor/Data/PlaybackEngines/WindowsStandaloneSupport/UnityEditor.WindowsStandalone.Extensions.dll
Registered in 0.001771 seconds.
Native extension for WindowsStandalone target not found
Refreshing native plugins compatible for Editor in 32.74 ms, found 1 plugins.
Preloading 0 native plugins for Editor in 0.00 ms.
Invoked RoslynAnalysisRunner static constructor.
RoslynAnalysisRunner will not be running.
RoslynAnalysisRunner has terminated.
Mono: successfully reloaded assembly
- Completed reload, in  1.499 seconds
Platform modules already initialized, skipping
Registering precompiled user dll's ...
Registered in 0.000837 seconds.
Begin MonoManager ReloadAssembly
Native extension for WindowsStandalone target not found
Refreshing native plugins compatible for Editor in 31.64 ms, found 1 plugins.
Preloading 0 native plugins for Editor in 0.00 ms.
Invoked RoslynAnalysisRunner static constructor.
RoslynAnalysisRunner will not be running.
RoslynAnalysisRunner has terminated.
Mono: successfully reloaded assembly
- Completed reload, in  0.741 seconds
Platform modules already initialized, skipping
========================================================================
Worker process is ready to serve import requests
Launched and connected shader compiler UnityShaderCompiler.exe after 0.04 seconds
Refreshing native plugins compatible for Editor in 0.32 ms, found 1 plugins.
Preloading 0 native plugins for Editor in 0.00 ms.
Unloading 1840 Unused Serialized files (Serialized files now loaded: 0)
System memory in use before: 159.2 MB.
System memory in use after: 159.3 MB.

Unloading 19 unused Assets to reduce memory usage. Loaded Objects now: 2294.
Total: 4.236800 ms (FindLiveObjects: 0.413300 ms CreateObjectMapping: 0.208100 ms MarkObjects: 3.492800 ms  DeleteObjects: 0.120000 ms)

========================================================================
Received Import Request.
  path: Assets/Prefabs/InterSceneDialogueCompound.prefab
  artifactKey: Guid(b9d40069a0a0be14ab6a0408c830b416) Importer(815301076,1909f56bfc062723c751e8b465ee728b)
Start importing Assets/Prefabs/InterSceneDialogueCompound.prefab using Guid(b9d40069a0a0be14ab6a0408c830b416) Importer(815301076,1909f56bfc062723c751e8b465ee728b)  -> (artifact id: '0593185d3c35d64cab5b5684e380dbdb') in 0.108129 seconds
  Import took 0.114832 seconds .

========================================================================
Received Import Request.
  Time since last request: 0.000136 seconds.
  path: Assets/Prefabs/DialogueCompound2.prefab
  artifactKey: Guid(a5107fde72e87f949ade5a6f285a4f43) Importer(815301076,1909f56bfc062723c751e8b465ee728b)
Start importing Assets/Prefabs/DialogueCompound2.prefab using Guid(a5107fde72e87f949ade5a6f285a4f43) Importer(815301076,1909f56bfc062723c751e8b465ee728b)  -> (artifact id: '8f126c581f69b83107d4f282f704dbd5') in 0.019102 seconds
  Import took 0.021516 seconds .

========================================================================
Received Import Request.
  Time since last request: 0.000135 seconds.
  path: Assets/Prefabs/DialogueCompound.prefab
  artifactKey: Guid(4e7c93705130d0f41875646650903338) Importer(815301076,1909f56bfc062723c751e8b465ee728b)
Start importing Assets/Prefabs/DialogueCompound.prefab using Guid(4e7c93705130d0f41875646650903338) Importer(815301076,1909f56bfc062723c751e8b465ee728b)  -> (artifact id: '935293e7171466d959723b89a3f0f86f') in 0.017161 seconds
  Import took 0.019998 seconds .

========================================================================
Received Prepare
Refreshing native plugins compatible for Editor in 1.53 ms, found 1 plugins.
Preloading 0 native plugins for Editor in 0.00 ms.
Unloading 5 Unused Serialized files (Serialized files now loaded: 0)
System memory in use before: 122.7 MB.
System memory in use after: 122.8 MB.

Unloading 5 unused Assets to reduce memory usage. Loaded Objects now: 2294.
Total: 8.195500 ms (FindLiveObjects: 0.653700 ms CreateObjectMapping: 0.343400 ms MarkObjects: 7.137300 ms  DeleteObjects: 0.056200 ms)

========================================================================
Received Prepare
Registering precompiled user dll's ...
Registered in 0.001030 seconds.
Begin MonoManager ReloadAssembly
Native extension for WindowsStandalone target not found
Refreshing native plugins compatible for Editor in 0.33 ms, found 1 plugins.
Preloading 0 native plugins for Editor in 0.00 ms.
Invoked RoslynAnalysisRunner static constructor.
RoslynAnalysisRunner will not be running.
RoslynAnalysisRunner has terminated.
Mono: successfully reloaded assembly
- Completed reload, in  0.684 seconds
Platform modules already initialized, skipping
Refreshing native plugins compatible for Editor in 0.39 ms, found 1 plugins.
Preloading 0 native plugins for Editor in 0.00 ms.
Unloading 1816 Unused Serialized files (Serialized files now loaded: 0)
System memory in use before: 157.4 MB.
System memory in use after: 157.6 MB.

Unloading 7 unused Assets to reduce memory usage. Loaded Objects now: 2298.
Total: 4.612300 ms (FindLiveObjects: 0.410800 ms CreateObjectMapping: 0.205900 ms MarkObjects: 3.950800 ms  DeleteObjects: 0.042700 ms)

========================================================================
Received Prepare
Registering precompiled user dll's ...
Registered in 0.000852 seconds.
Begin MonoManager ReloadAssembly
Native extension for WindowsStandalone target not found
Refreshing native plugins compatible for Editor in 0.33 ms, found 1 plugins.
Preloading 0 native plugins for Editor in 0.00 ms.
Invoked RoslynAnalysisRunner static constructor.
RoslynAnalysisRunner will not be running.
RoslynAnalysisRunner has terminated.
Mono: successfully reloaded assembly
- Completed reload, in  0.680 seconds
Platform modules already initialized, skipping
Refreshing native plugins compatible for Editor in 0.36 ms, found 1 plugins.
Preloading 0 native plugins for Editor in 0.00 ms.
Unloading 1816 Unused Serialized files (Serialized files now loaded: 0)
System memory in use before: 157.5 MB.
System memory in use after: 157.6 MB.

Unloading 7 unused Assets to reduce memory usage. Loaded Objects now: 2302.
Total: 2.693800 ms (FindLiveObjects: 0.283100 ms CreateObjectMapping: 0.095200 ms MarkObjects: 2.299400 ms  DeleteObjects: 0.014700 ms)

========================================================================
Received Import Request.
  Time since last request: 210.254411 seconds.
  path: Assets/Audio/SFX/Fireball-Magic-Attack-A-www.fesliyanstudios.com.mp3
  artifactKey: Guid(b0a454e8aba8c3146b244d745c8cda74) Importer(815301076,1909f56bfc062723c751e8b465ee728b)
Start importing Assets/Audio/SFX/Fireball-Magic-Attack-A-www.fesliyanstudios.com.mp3 using Guid(b0a454e8aba8c3146b244d745c8cda74) Importer(815301076,1909f56bfc062723c751e8b465ee728b)  -> (artifact id: '3e46c2d0473eb5251f791090116d30b9') in 0.077064 seconds
  Import took 0.079962 seconds .

========================================================================
Received Import Request.
  Time since last request: 155.238408 seconds.
  path: Assets/Scenes/LevelScene 9.unity
  artifactKey: Guid(7eab4bacd5b69464d851039c24340c2a) Importer(815301076,1909f56bfc062723c751e8b465ee728b)
Start importing Assets/Scenes/LevelScene 9.unity using Guid(7eab4bacd5b69464d851039c24340c2a) Importer(815301076,1909f56bfc062723c751e8b465ee728b)  -> (artifact id: '21d1f1ff318edfae5a975f8b6a1ffdd0') in 0.003270 seconds
  Import took 0.007018 seconds .

========================================================================
Received Import Request.
  Time since last request: 0.000667 seconds.
  path: Assets/Scenes/LevelScene 9.unity
  artifactKey: Guid(7eab4bacd5b69464d851039c24340c2a) Importer(815301076,1909f56bfc062723c751e8b465ee728b)
Start importing Assets/Scenes/LevelScene 9.unity using Guid(7eab4bacd5b69464d851039c24340c2a) Importer(815301076,1909f56bfc062723c751e8b465ee728b)  -> (artifact id: '21d1f1ff318edfae5a975f8b6a1ffdd0') in 0.002285 seconds
  Import took 0.004942 seconds .

========================================================================
Received Prepare
Registering precompiled user dll's ...
Registered in 0.000889 seconds.
Begin MonoManager ReloadAssembly
Native extension for WindowsStandalone target not found
Refreshing native plugins compatible for Editor in 0.33 ms, found 1 plugins.
Preloading 0 native plugins for Editor in 0.00 ms.
Invoked RoslynAnalysisRunner static constructor.
RoslynAnalysisRunner will not be running.
RoslynAnalysisRunner has terminated.
Mono: successfully reloaded assembly
- Completed reload, in  0.680 seconds
Platform modules already initialized, skipping
Refreshing native plugins compatible for Editor in 0.33 ms, found 1 plugins.
Preloading 0 native plugins for Editor in 0.00 ms.
Unloading 1816 Unused Serialized files (Serialized files now loaded: 0)
System memory in use before: 160.5 MB.
System memory in use after: 160.6 MB.

Unloading 7 unused Assets to reduce memory usage. Loaded Objects now: 2315.
Total: 1.674800 ms (FindLiveObjects: 0.203900 ms CreateObjectMapping: 0.067200 ms MarkObjects: 1.391000 ms  DeleteObjects: 0.011200 ms)

========================================================================
Received Prepare
Registering precompiled user dll's ...
Registered in 0.000764 seconds.
Begin MonoManager ReloadAssembly
Native extension for WindowsStandalone target not found
Refreshing native plugins compatible for Editor in 0.33 ms, found 1 plugins.
Preloading 0 native plugins for Editor in 0.00 ms.
Invoked RoslynAnalysisRunner static constructor.
RoslynAnalysisRunner will not be running.
RoslynAnalysisRunner has terminated.
Mono: successfully reloaded assembly
- Completed reload, in  0.654 seconds
Platform modules already initialized, skipping
Refreshing native plugins compatible for Editor in 0.34 ms, found 1 plugins.
Preloading 0 native plugins for Editor in 0.00 ms.
Unloading 1816 Unused Serialized files (Serialized files now loaded: 0)
System memory in use before: 160.5 MB.
System memory in use after: 160.6 MB.

Unloading 7 unused Assets to reduce memory usage. Loaded Objects now: 2319.
Total: 6.336900 ms (FindLiveObjects: 0.493300 ms CreateObjectMapping: 0.231600 ms MarkObjects: 5.565200 ms  DeleteObjects: 0.043700 ms)

========================================================================
Received Import Request.
  Time since last request: 316.200194 seconds.
  path: Assets/Scenes/LevelScene 2.unity
  artifactKey: Guid(85c5d2b51cb53184792e0fff5c83d181) Importer(815301076,1909f56bfc062723c751e8b465ee728b)
Start importing Assets/Scenes/LevelScene 2.unity using Guid(85c5d2b51cb53184792e0fff5c83d181) Importer(815301076,1909f56bfc062723c751e8b465ee728b)  -> (artifact id: 'a37d69a83d43f10b1fd56db26d3e7e57') in 0.010044 seconds
  Import took 0.012682 seconds .

========================================================================
Received Prepare
Refreshing native plugins compatible for Editor in 1.74 ms, found 1 plugins.
Preloading 0 native plugins for Editor in 0.00 ms.
Unloading 5 Unused Serialized files (Serialized files now loaded: 0)
System memory in use before: 124.6 MB.
System memory in use after: 124.7 MB.

Unloading 5 unused Assets to reduce memory usage. Loaded Objects now: 2319.
Total: 1.854900 ms (FindLiveObjects: 0.239300 ms CreateObjectMapping: 0.086700 ms MarkObjects: 1.519000 ms  DeleteObjects: 0.009000 ms)

